E: po/mp_scenario_smugglers.wmf/br.po: unusual-plural-forms 'nplurals=5; plural=((n%10 == 1) && (n%100 != 11) && (n%100 !=71) && (n%100 !=91) ? 0 :(n%10 == 2) && (n%100 != 12) && (n%100 !=72) && (n%100 !=92) ? 1 :(n%10 ==3 || n%10==4 || n%10==9) && (n%100 < 10 || n% 100 > 19) && (n%100 < 70 || n%100 > 79) && (n%100 < 90 || n%100 > 99) ? 2 :(n != 0 && n % 1000000 == 0) ? 3 : 4);' => 'nplurals=2; plural=n > 1;'
E: po/mp_scenario_smugglers.wmf/cs.po: unusual-plural-forms 'nplurals=4; plural=(n == 1 && n % 1 == 0) ? 0 : (n >= 2 && n <= 4 && n % 1 == 0) ? 1: (n % 1 != 0 ) ? 2 : 3;' => 'nplurals=3; plural=n==1 ? 0 : (n>=2 && n<=4) ? 1 : 2;'
E: po/mp_scenario_smugglers.wmf/cs.po: codomain-error-in-plural-forms f(x) != 2
E: po/mp_scenario_smugglers.wmf/fa.po: unusual-plural-forms 'nplurals=2; plural=(n > 1);' => 'nplurals=1; plural=0;'
E: po/mp_scenario_smugglers.wmf/he.po: unusual-plural-forms 'nplurals=4; plural=(n == 1 && n % 1 == 0) ? 0 : (n == 2 && n % 1 == 0) ? 1: (n % 10 == 0 && n % 1 == 0 && n > 10) ? 2 : 3;' => 'nplurals=2; plural=n != 1;'
E: po/mp_scenario_smugglers.wmf/ka.po: unusual-plural-forms 'nplurals=2; plural=(n!=1);' => 'nplurals=1; plural=0;'
E: po/mp_scenario_smugglers.wmf/lt.po: unusual-plural-forms 'nplurals=4; plural=(n % 10 == 1 && (n % 100 > 19 || n % 100 < 11) ? 0 : (n % 10 >= 2 && n % 10 <=9) && (n % 100 > 19 || n % 100 < 11) ? 1 : n % 1 != 0 ? 2: 3);' => 'nplurals=3; plural=n%10==1 && n%100!=11 ? 0 : n%10>=2 && (n%100<10 || n%100>=20) ? 1 : 2;'
E: po/mp_scenario_smugglers.wmf/lt.po: codomain-error-in-plural-forms f(x) != 2
E: po/mp_scenario_smugglers.wmf/pl.po: unusual-plural-forms 'nplurals=4; plural=(n==1 ? 0 : (n%10>=2 && n%10<=4) && (n%100<12 || n%100>14) ? 1 : n!=1 && (n%10>=0 && n%10<=1) || (n%10>=5 && n%10<=9) || (n%100>=12 && n%100<=14) ? 2 : 3);' => 'nplurals=3; plural=n==1 ? 0 : n%10>=2 && n%10<=4 && (n%100<10 || n%100>=20) ? 1 : 2;'
E: po/mp_scenario_smugglers.wmf/pl.po: codomain-error-in-plural-forms f(x) != 3
E: po/mp_scenario_smugglers.wmf/ru.po: unusual-plural-forms 'nplurals=4; plural=(n%10==1 && n%100!=11 ? 0 : n%10>=2 && n%10<=4 && (n%100<12 || n%100>14) ? 1 : n%10==0 || (n%10>=5 && n%10<=9) || (n%100>=11 && n%100<=14)? 2 : 3);' => 'nplurals=3; plural=n%10==1 && n%100!=11 ? 0 : n%10>=2 && n%10<=4 && (n%100<10 || n%100>=20) ? 1 : 2;' or 'nplurals=4; plural=n==1 ? 3 : n%10==1 && n%100!=11 ? 0 : n%10>=2 && n%10<=4 && (n%100<10 || n%100>=20) ? 1 : 2;'
E: po/mp_scenario_smugglers.wmf/ru.po: codomain-error-in-plural-forms f(x) != 3
E: po/mp_scenario_smugglers.wmf/sk.po: codomain-error-in-plural-forms f(x) != 2
E: po/mp_scenario_smugglers.wmf/tr.po: unusual-plural-forms 'nplurals=2; plural=(n > 1);' => 'nplurals=1; plural=0;' or 'nplurals=2; plural=n != 1;'
E: po/mp_scenario_smugglers.wmf/uk.po: unusual-plural-forms 'nplurals=4; plural=(n % 1 == 0 && n % 10 == 1 && n % 100 != 11 ? 0 : n % 1 == 0 && n % 10 >= 2 && n % 10 <= 4 && (n % 100 < 12 || n % 100 > 14) ? 1 : n % 1 == 0 && (n % 10 ==0 || (n % 10 >=5 && n % 10 <=9) || (n % 100 >=11 && n % 100 <=14 )) ? 2: 3);' => 'nplurals=3; plural=n%10==1 && n%100!=11 ? 0 : n%10>=2 && n%10<=4 && (n%100<10 || n%100>=20) ? 1 : 2;' or 'nplurals=4; plural=n==1 ? 3 : n%10==1 && n%100!=11 ? 0 : n%10>=2 && n%10<=4 && (n%100<10 || n%100>=20) ? 1 : 2;'
E: po/mp_scenario_smugglers.wmf/uk.po: codomain-error-in-plural-forms f(x) != 3
E: po/scenario_emp03.wmf/br.po: unusual-plural-forms 'nplurals=5; plural=((n%10 == 1) && (n%100 != 11) && (n%100 !=71) && (n%100 !=91) ? 0 :(n%10 == 2) && (n%100 != 12) && (n%100 !=72) && (n%100 !=92) ? 1 :(n%10 ==3 || n%10==4 || n%10==9) && (n%100 < 10 || n% 100 > 19) && (n%100 < 70 || n%100 > 79) && (n%100 < 90 || n%100 > 99) ? 2 :(n != 0 && n % 1000000 == 0) ? 3 : 4);' => 'nplurals=2; plural=n > 1;'
E: po/scenario_emp03.wmf/cs.po: unusual-plural-forms 'nplurals=4; plural=(n == 1 && n % 1 == 0) ? 0 : (n >= 2 && n <= 4 && n % 1 == 0) ? 1: (n % 1 != 0 ) ? 2 : 3;' => 'nplurals=3; plural=n==1 ? 0 : (n>=2 && n<=4) ? 1 : 2;'
E: po/scenario_emp03.wmf/cs.po: codomain-error-in-plural-forms f(x) != 2
E: po/scenario_emp03.wmf/fa.po: unusual-plural-forms 'nplurals=2; plural=(n > 1);' => 'nplurals=1; plural=0;'
E: po/scenario_emp03.wmf/he.po: unusual-plural-forms 'nplurals=4; plural=(n == 1 && n % 1 == 0) ? 0 : (n == 2 && n % 1 == 0) ? 1: (n % 10 == 0 && n % 1 == 0 && n > 10) ? 2 : 3;' => 'nplurals=2; plural=n != 1;'
E: po/scenario_emp03.wmf/ka.po: unusual-plural-forms 'nplurals=2; plural=(n!=1);' => 'nplurals=1; plural=0;'
E: po/scenario_emp03.wmf/lt.po: unusual-plural-forms 'nplurals=4; plural=(n % 10 == 1 && (n % 100 > 19 || n % 100 < 11) ? 0 : (n % 10 >= 2 && n % 10 <=9) && (n % 100 > 19 || n % 100 < 11) ? 1 : n % 1 != 0 ? 2: 3);' => 'nplurals=3; plural=n%10==1 && n%100!=11 ? 0 : n%10>=2 && (n%100<10 || n%100>=20) ? 1 : 2;'
E: po/scenario_emp03.wmf/lt.po: codomain-error-in-plural-forms f(x) != 2
E: po/scenario_emp03.wmf/pl.po: unusual-plural-forms 'nplurals=4; plural=(n==1 ? 0 : (n%10>=2 && n%10<=4) && (n%100<12 || n%100>14) ? 1 : n!=1 && (n%10>=0 && n%10<=1) || (n%10>=5 && n%10<=9) || (n%100>=12 && n%100<=14) ? 2 : 3);' => 'nplurals=3; plural=n==1 ? 0 : n%10>=2 && n%10<=4 && (n%100<10 || n%100>=20) ? 1 : 2;'
E: po/scenario_emp03.wmf/pl.po: codomain-error-in-plural-forms f(x) != 3
E: po/scenario_emp03.wmf/ru.po: unusual-plural-forms 'nplurals=4; plural=(n%10==1 && n%100!=11 ? 0 : n%10>=2 && n%10<=4 && (n%100<12 || n%100>14) ? 1 : n%10==0 || (n%10>=5 && n%10<=9) || (n%100>=11 && n%100<=14)? 2 : 3);' => 'nplurals=3; plural=n%10==1 && n%100!=11 ? 0 : n%10>=2 && n%10<=4 && (n%100<10 || n%100>=20) ? 1 : 2;' or 'nplurals=4; plural=n==1 ? 3 : n%10==1 && n%100!=11 ? 0 : n%10>=2 && n%10<=4 && (n%100<10 || n%100>=20) ? 1 : 2;'
E: po/scenario_emp03.wmf/ru.po: codomain-error-in-plural-forms f(x) != 3
E: po/scenario_emp03.wmf/sk.po: codomain-error-in-plural-forms f(x) != 2
E: po/scenario_emp03.wmf/tr.po: unusual-plural-forms 'nplurals=2; plural=(n > 1);' => 'nplurals=1; plural=0;' or 'nplurals=2; plural=n != 1;'
E: po/scenario_emp03.wmf/uk.po: unusual-plural-forms 'nplurals=4; plural=(n % 1 == 0 && n % 10 == 1 && n % 100 != 11 ? 0 : n % 1 == 0 && n % 10 >= 2 && n % 10 <= 4 && (n % 100 < 12 || n % 100 > 14) ? 1 : n % 1 == 0 && (n % 10 ==0 || (n % 10 >=5 && n % 10 <=9) || (n % 100 >=11 && n % 100 <=14 )) ? 2: 3);' => 'nplurals=3; plural=n%10==1 && n%100!=11 ? 0 : n%10>=2 && n%10<=4 && (n%100<10 || n%100>=20) ? 1 : 2;' or 'nplurals=4; plural=n==1 ? 3 : n%10==1 && n%100!=11 ? 0 : n%10>=2 && n%10<=4 && (n%100<10 || n%100>=20) ? 1 : 2;'
E: po/scenario_emp03.wmf/uk.po: codomain-error-in-plural-forms f(x) != 3
E: po/scenario_fri01.wmf/br.po: unusual-plural-forms 'nplurals=5; plural=((n%10 == 1) && (n%100 != 11) && (n%100 !=71) && (n%100 !=91) ? 0 :(n%10 == 2) && (n%100 != 12) && (n%100 !=72) && (n%100 !=92) ? 1 :(n%10 ==3 || n%10==4 || n%10==9) && (n%100 < 10 || n% 100 > 19) && (n%100 < 70 || n%100 > 79) && (n%100 < 90 || n%100 > 99) ? 2 :(n != 0 && n % 1000000 == 0) ? 3 : 4);' => 'nplurals=2; plural=n > 1;'
E: po/scenario_fri01.wmf/cs.po: unusual-plural-forms 'nplurals=4; plural=(n == 1 && n % 1 == 0) ? 0 : (n >= 2 && n <= 4 && n % 1 == 0) ? 1: (n % 1 != 0 ) ? 2 : 3;' => 'nplurals=3; plural=n==1 ? 0 : (n>=2 && n<=4) ? 1 : 2;'
E: po/scenario_fri01.wmf/cs.po: codomain-error-in-plural-forms f(x) != 2
E: po/scenario_fri01.wmf/fa.po: unusual-plural-forms 'nplurals=2; plural=(n > 1);' => 'nplurals=1; plural=0;'
E: po/scenario_fri01.wmf/he.po: unusual-plural-forms 'nplurals=4; plural=(n == 1 && n % 1 == 0) ? 0 : (n == 2 && n % 1 == 0) ? 1: (n % 10 == 0 && n % 1 == 0 && n > 10) ? 2 : 3;' => 'nplurals=2; plural=n != 1;'
E: po/scenario_fri01.wmf/ka.po: unusual-plural-forms 'nplurals=2; plural=(n!=1);' => 'nplurals=1; plural=0;'
E: po/scenario_fri01.wmf/lt.po: unusual-plural-forms 'nplurals=4; plural=(n % 10 == 1 && (n % 100 > 19 || n % 100 < 11) ? 0 : (n % 10 >= 2 && n % 10 <=9) && (n % 100 > 19 || n % 100 < 11) ? 1 : n % 1 != 0 ? 2: 3);' => 'nplurals=3; plural=n%10==1 && n%100!=11 ? 0 : n%10>=2 && (n%100<10 || n%100>=20) ? 1 : 2;'
E: po/scenario_fri01.wmf/lt.po: codomain-error-in-plural-forms f(x) != 2
E: po/scenario_fri01.wmf/pl.po: unusual-plural-forms 'nplurals=4; plural=(n==1 ? 0 : (n%10>=2 && n%10<=4) && (n%100<12 || n%100>14) ? 1 : n!=1 && (n%10>=0 && n%10<=1) || (n%10>=5 && n%10<=9) || (n%100>=12 && n%100<=14) ? 2 : 3);' => 'nplurals=3; plural=n==1 ? 0 : n%10>=2 && n%10<=4 && (n%100<10 || n%100>=20) ? 1 : 2;'
E: po/scenario_fri01.wmf/pl.po: codomain-error-in-plural-forms f(x) != 3
E: po/scenario_fri01.wmf/ru.po: unusual-plural-forms 'nplurals=4; plural=(n%10==1 && n%100!=11 ? 0 : n%10>=2 && n%10<=4 && (n%100<12 || n%100>14) ? 1 : n%10==0 || (n%10>=5 && n%10<=9) || (n%100>=11 && n%100<=14)? 2 : 3);' => 'nplurals=3; plural=n%10==1 && n%100!=11 ? 0 : n%10>=2 && n%10<=4 && (n%100<10 || n%100>=20) ? 1 : 2;' or 'nplurals=4; plural=n==1 ? 3 : n%10==1 && n%100!=11 ? 0 : n%10>=2 && n%10<=4 && (n%100<10 || n%100>=20) ? 1 : 2;'
E: po/scenario_fri01.wmf/ru.po: codomain-error-in-plural-forms f(x) != 3
E: po/scenario_fri01.wmf/sk.po: codomain-error-in-plural-forms f(x) != 2
E: po/scenario_fri01.wmf/tr.po: unusual-plural-forms 'nplurals=2; plural=(n > 1);' => 'nplurals=1; plural=0;' or 'nplurals=2; plural=n != 1;'
E: po/scenario_fri01.wmf/uk.po: unusual-plural-forms 'nplurals=4; plural=(n % 1 == 0 && n % 10 == 1 && n % 100 != 11 ? 0 : n % 1 == 0 && n % 10 >= 2 && n % 10 <= 4 && (n % 100 < 12 || n % 100 > 14) ? 1 : n % 1 == 0 && (n % 10 ==0 || (n % 10 >=5 && n % 10 <=9) || (n % 100 >=11 && n % 100 <=14 )) ? 2: 3);' => 'nplurals=3; plural=n%10==1 && n%100!=11 ? 0 : n%10>=2 && n%10<=4 && (n%100<10 || n%100>=20) ? 1 : 2;' or 'nplurals=4; plural=n==1 ? 3 : n%10==1 && n%100!=11 ? 0 : n%10>=2 && n%10<=4 && (n%100<10 || n%100>=20) ? 1 : 2;'
E: po/scenario_fri01.wmf/uk.po: codomain-error-in-plural-forms f(x) != 3
E: po/scenario_fri03.wmf/br.po: unusual-plural-forms 'nplurals=5; plural=((n%10 == 1) && (n%100 != 11) && (n%100 !=71) && (n%100 !=91) ? 0 :(n%10 == 2) && (n%100 != 12) && (n%100 !=72) && (n%100 !=92) ? 1 :(n%10 ==3 || n%10==4 || n%10==9) && (n%100 < 10 || n% 100 > 19) && (n%100 < 70 || n%100 > 79) && (n%100 < 90 || n%100 > 99) ? 2 :(n != 0 && n % 1000000 == 0) ? 3 : 4);' => 'nplurals=2; plural=n > 1;'
E: po/scenario_fri03.wmf/cs.po: unusual-plural-forms 'nplurals=4; plural=(n == 1 && n % 1 == 0) ? 0 : (n >= 2 && n <= 4 && n % 1 == 0) ? 1: (n % 1 != 0 ) ? 2 : 3;' => 'nplurals=3; plural=n==1 ? 0 : (n>=2 && n<=4) ? 1 : 2;'
E: po/scenario_fri03.wmf/cs.po: codomain-error-in-plural-forms f(x) != 2
E: po/scenario_fri03.wmf/fa.po: unusual-plural-forms 'nplurals=2; plural=(n > 1);' => 'nplurals=1; plural=0;'
E: po/scenario_fri03.wmf/he.po: unusual-plural-forms 'nplurals=4; plural=(n == 1 && n % 1 == 0) ? 0 : (n == 2 && n % 1 == 0) ? 1: (n % 10 == 0 && n % 1 == 0 && n > 10) ? 2 : 3;' => 'nplurals=2; plural=n != 1;'
E: po/scenario_fri03.wmf/ka.po: unusual-plural-forms 'nplurals=2; plural=(n!=1);' => 'nplurals=1; plural=0;'
E: po/scenario_fri03.wmf/lt.po: unusual-plural-forms 'nplurals=4; plural=(n % 10 == 1 && (n % 100 > 19 || n % 100 < 11) ? 0 : (n % 10 >= 2 && n % 10 <=9) && (n % 100 > 19 || n % 100 < 11) ? 1 : n % 1 != 0 ? 2: 3);' => 'nplurals=3; plural=n%10==1 && n%100!=11 ? 0 : n%10>=2 && (n%100<10 || n%100>=20) ? 1 : 2;'
E: po/scenario_fri03.wmf/lt.po: codomain-error-in-plural-forms f(x) != 2
E: po/scenario_fri03.wmf/pl.po: unusual-plural-forms 'nplurals=4; plural=(n==1 ? 0 : (n%10>=2 && n%10<=4) && (n%100<12 || n%100>14) ? 1 : n!=1 && (n%10>=0 && n%10<=1) || (n%10>=5 && n%10<=9) || (n%100>=12 && n%100<=14) ? 2 : 3);' => 'nplurals=3; plural=n==1 ? 0 : n%10>=2 && n%10<=4 && (n%100<10 || n%100>=20) ? 1 : 2;'
E: po/scenario_fri03.wmf/pl.po: codomain-error-in-plural-forms f(x) != 3
E: po/scenario_fri03.wmf/ru.po: unusual-plural-forms 'nplurals=4; plural=(n%10==1 && n%100!=11 ? 0 : n%10>=2 && n%10<=4 && (n%100<12 || n%100>14) ? 1 : n%10==0 || (n%10>=5 && n%10<=9) || (n%100>=11 && n%100<=14)? 2 : 3);' => 'nplurals=3; plural=n%10==1 && n%100!=11 ? 0 : n%10>=2 && n%10<=4 && (n%100<10 || n%100>=20) ? 1 : 2;' or 'nplurals=4; plural=n==1 ? 3 : n%10==1 && n%100!=11 ? 0 : n%10>=2 && n%10<=4 && (n%100<10 || n%100>=20) ? 1 : 2;'
E: po/scenario_fri03.wmf/ru.po: codomain-error-in-plural-forms f(x) != 3
E: po/scenario_fri03.wmf/sk.po: codomain-error-in-plural-forms f(x) != 2
E: po/scenario_fri03.wmf/tr.po: unusual-plural-forms 'nplurals=2; plural=(n > 1);' => 'nplurals=1; plural=0;' or 'nplurals=2; plural=n != 1;'
E: po/scenario_fri03.wmf/uk.po: unusual-plural-forms 'nplurals=4; plural=(n % 1 == 0 && n % 10 == 1 && n % 100 != 11 ? 0 : n % 1 == 0 && n % 10 >= 2 && n % 10 <= 4 && (n % 100 < 12 || n % 100 > 14) ? 1 : n % 1 == 0 && (n % 10 ==0 || (n % 10 >=5 && n % 10 <=9) || (n % 100 >=11 && n % 100 <=14 )) ? 2: 3);' => 'nplurals=3; plural=n%10==1 && n%100!=11 ? 0 : n%10>=2 && n%10<=4 && (n%100<10 || n%100>=20) ? 1 : 2;' or 'nplurals=4; plural=n==1 ? 3 : n%10==1 && n%100!=11 ? 0 : n%10>=2 && n%10<=4 && (n%100<10 || n%100>=20) ? 1 : 2;'
E: po/scenario_fri03.wmf/uk.po: codomain-error-in-plural-forms f(x) != 3
E: po/tribes/br.po: unusual-plural-forms 'nplurals=5; plural=((n%10 == 1) && (n%100 != 11) && (n%100 !=71) && (n%100 !=91) ? 0 :(n%10 == 2) && (n%100 != 12) && (n%100 !=72) && (n%100 !=92) ? 1 :(n%10 ==3 || n%10==4 || n%10==9) && (n%100 < 10 || n% 100 > 19) && (n%100 < 70 || n%100 > 79) && (n%100 < 90 || n%100 > 99) ? 2 :(n != 0 && n % 1000000 == 0) ? 3 : 4);' => 'nplurals=2; plural=n > 1;'
E: po/tribes/cs.po: unusual-plural-forms 'nplurals=4; plural=(n == 1 && n % 1 == 0) ? 0 : (n >= 2 && n <= 4 && n % 1 == 0) ? 1: (n % 1 != 0 ) ? 2 : 3;' => 'nplurals=3; plural=n==1 ? 0 : (n>=2 && n<=4) ? 1 : 2;'
E: po/tribes/cs.po: codomain-error-in-plural-forms f(x) != 2
E: po/tribes_encyclopedia/br.po: unusual-plural-forms 'nplurals=5; plural=((n%10 == 1) && (n%100 != 11) && (n%100 !=71) && (n%100 !=91) ? 0 :(n%10 == 2) && (n%100 != 12) && (n%100 !=72) && (n%100 !=92) ? 1 :(n%10 ==3 || n%10==4 || n%10==9) && (n%100 < 10 || n% 100 > 19) && (n%100 < 70 || n%100 > 79) && (n%100 < 90 || n%100 > 99) ? 2 :(n != 0 && n % 1000000 == 0) ? 3 : 4);' => 'nplurals=2; plural=n > 1;'
E: po/tribes_encyclopedia/cs.po: unusual-plural-forms 'nplurals=4; plural=(n == 1 && n % 1 == 0) ? 0 : (n >= 2 && n <= 4 && n % 1 == 0) ? 1: (n % 1 != 0 ) ? 2 : 3;' => 'nplurals=3; plural=n==1 ? 0 : (n>=2 && n<=4) ? 1 : 2;'
E: po/tribes_encyclopedia/cs.po: codomain-error-in-plural-forms f(x) != 2
E: po/tribes_encyclopedia/fa.po: unusual-plural-forms 'nplurals=2; plural=(n > 1);' => 'nplurals=1; plural=0;'
E: po/tribes_encyclopedia/he.po: unusual-plural-forms 'nplurals=4; plural=(n == 1 && n % 1 == 0) ? 0 : (n == 2 && n % 1 == 0) ? 1: (n % 10 == 0 && n % 1 == 0 && n > 10) ? 2 : 3;' => 'nplurals=2; plural=n != 1;'
E: po/tribes_encyclopedia/ka.po: unusual-plural-forms 'nplurals=2; plural=(n!=1);' => 'nplurals=1; plural=0;'
E: po/tribes_encyclopedia/lt.po: unusual-plural-forms 'nplurals=4; plural=(n % 10 == 1 && (n % 100 > 19 || n % 100 < 11) ? 0 : (n % 10 >= 2 && n % 10 <=9) && (n % 100 > 19 || n % 100 < 11) ? 1 : n % 1 != 0 ? 2: 3);' => 'nplurals=3; plural=n%10==1 && n%100!=11 ? 0 : n%10>=2 && (n%100<10 || n%100>=20) ? 1 : 2;'
E: po/tribes_encyclopedia/lt.po: codomain-error-in-plural-forms f(x) != 2
E: po/tribes_encyclopedia/pl.po: unusual-plural-forms 'nplurals=4; plural=(n==1 ? 0 : (n%10>=2 && n%10<=4) && (n%100<12 || n%100>14) ? 1 : n!=1 && (n%10>=0 && n%10<=1) || (n%10>=5 && n%10<=9) || (n%100>=12 && n%100<=14) ? 2 : 3);' => 'nplurals=3; plural=n==1 ? 0 : n%10>=2 && n%10<=4 && (n%100<10 || n%100>=20) ? 1 : 2;'
E: po/tribes_encyclopedia/pl.po: codomain-error-in-plural-forms f(x) != 3
E: po/tribes_encyclopedia/ru.po: unusual-plural-forms 'nplurals=4; plural=(n%10==1 && n%100!=11 ? 0 : n%10>=2 && n%10<=4 && (n%100<12 || n%100>14) ? 1 : n%10==0 || (n%10>=5 && n%10<=9) || (n%100>=11 && n%100<=14)? 2 : 3);' => 'nplurals=3; plural=n%10==1 && n%100!=11 ? 0 : n%10>=2 && n%10<=4 && (n%100<10 || n%100>=20) ? 1 : 2;' or 'nplurals=4; plural=n==1 ? 3 : n%10==1 && n%100!=11 ? 0 : n%10>=2 && n%10<=4 && (n%100<10 || n%100>=20) ? 1 : 2;'
E: po/tribes_encyclopedia/ru.po: codomain-error-in-plural-forms f(x) != 3
E: po/tribes_encyclopedia/sk.po: codomain-error-in-plural-forms f(x) != 2
E: po/tribes_encyclopedia/tr.po: unusual-plural-forms 'nplurals=2; plural=(n > 1);' => 'nplurals=1; plural=0;' or 'nplurals=2; plural=n != 1;'
E: po/tribes_encyclopedia/uk.po: unusual-plural-forms 'nplurals=4; plural=(n % 1 == 0 && n % 10 == 1 && n % 100 != 11 ? 0 : n % 1 == 0 && n % 10 >= 2 && n % 10 <= 4 && (n % 100 < 12 || n % 100 > 14) ? 1 : n % 1 == 0 && (n % 10 ==0 || (n % 10 >=5 && n % 10 <=9) || (n % 100 >=11 && n % 100 <=14 )) ? 2: 3);' => 'nplurals=3; plural=n%10==1 && n%100!=11 ? 0 : n%10>=2 && n%10<=4 && (n%100<10 || n%100>=20) ? 1 : 2;' or 'nplurals=4; plural=n==1 ? 3 : n%10==1 && n%100!=11 ? 0 : n%10>=2 && n%10<=4 && (n%100<10 || n%100>=20) ? 1 : 2;'
E: po/tribes_encyclopedia/uk.po: codomain-error-in-plural-forms f(x) != 3
E: po/tribes/fa.po: unusual-plural-forms 'nplurals=2; plural=(n > 1);' => 'nplurals=1; plural=0;'
E: po/tribes/he.po: unusual-plural-forms 'nplurals=4; plural=(n == 1 && n % 1 == 0) ? 0 : (n == 2 && n % 1 == 0) ? 1: (n % 10 == 0 && n % 1 == 0 && n > 10) ? 2 : 3;' => 'nplurals=2; plural=n != 1;'
E: po/tribes/ka.po: unusual-plural-forms 'nplurals=2; plural=(n!=1);' => 'nplurals=1; plural=0;'
E: po/tribes/lt.po: unusual-plural-forms 'nplurals=4; plural=(n % 10 == 1 && (n % 100 > 19 || n % 100 < 11) ? 0 : (n % 10 >= 2 && n % 10 <=9) && (n % 100 > 19 || n % 100 < 11) ? 1 : n % 1 != 0 ? 2: 3);' => 'nplurals=3; plural=n%10==1 && n%100!=11 ? 0 : n%10>=2 && (n%100<10 || n%100>=20) ? 1 : 2;'
E: po/tribes/lt.po: codomain-error-in-plural-forms f(x) != 2
E: po/tribes/pl.po: unusual-plural-forms 'nplurals=4; plural=(n==1 ? 0 : (n%10>=2 && n%10<=4) && (n%100<12 || n%100>14) ? 1 : n!=1 && (n%10>=0 && n%10<=1) || (n%10>=5 && n%10<=9) || (n%100>=12 && n%100<=14) ? 2 : 3);' => 'nplurals=3; plural=n==1 ? 0 : n%10>=2 && n%10<=4 && (n%100<10 || n%100>=20) ? 1 : 2;'
E: po/tribes/pl.po: codomain-error-in-plural-forms f(x) != 3
E: po/tribes/ru.po: unusual-plural-forms 'nplurals=4; plural=(n%10==1 && n%100!=11 ? 0 : n%10>=2 && n%10<=4 && (n%100<12 || n%100>14) ? 1 : n%10==0 || (n%10>=5 && n%10<=9) || (n%100>=11 && n%100<=14)? 2 : 3);' => 'nplurals=3; plural=n%10==1 && n%100!=11 ? 0 : n%10>=2 && n%10<=4 && (n%100<10 || n%100>=20) ? 1 : 2;' or 'nplurals=4; plural=n==1 ? 3 : n%10==1 && n%100!=11 ? 0 : n%10>=2 && n%10<=4 && (n%100<10 || n%100>=20) ? 1 : 2;'
E: po/tribes/ru.po: codomain-error-in-plural-forms f(x) != 3
E: po/tribes/sk.po: codomain-error-in-plural-forms f(x) != 2
E: po/tribes/tr.po: unusual-plural-forms 'nplurals=2; plural=(n > 1);' => 'nplurals=1; plural=0;' or 'nplurals=2; plural=n != 1;'
E: po/tribes/uk.po: unusual-plural-forms 'nplurals=4; plural=(n % 1 == 0 && n % 10 == 1 && n % 100 != 11 ? 0 : n % 1 == 0 && n % 10 >= 2 && n % 10 <= 4 && (n % 100 < 12 || n % 100 > 14) ? 1 : n % 1 == 0 && (n % 10 ==0 || (n % 10 >=5 && n % 10 <=9) || (n % 100 >=11 && n % 100 <=14 )) ? 2: 3);' => 'nplurals=3; plural=n%10==1 && n%100!=11 ? 0 : n%10>=2 && n%10<=4 && (n%100<10 || n%100>=20) ? 1 : 2;' or 'nplurals=4; plural=n==1 ? 3 : n%10==1 && n%100!=11 ? 0 : n%10>=2 && n%10<=4 && (n%100<10 || n%100>=20) ? 1 : 2;'
E: po/tribes/uk.po: codomain-error-in-plural-forms f(x) != 3
E: po/widelands/br.po: unusual-plural-forms 'nplurals=5; plural=((n%10 == 1) && (n%100 != 11) && (n%100 !=71) && (n%100 !=91) ? 0 :(n%10 == 2) && (n%100 != 12) && (n%100 !=72) && (n%100 !=92) ? 1 :(n%10 ==3 || n%10==4 || n%10==9) && (n%100 < 10 || n% 100 > 19) && (n%100 < 70 || n%100 > 79) && (n%100 < 90 || n%100 > 99) ? 2 :(n != 0 && n % 1000000 == 0) ? 3 : 4);' => 'nplurals=2; plural=n > 1;'
E: po/widelands/cs.po: unusual-plural-forms 'nplurals=4; plural=(n == 1 && n % 1 == 0) ? 0 : (n >= 2 && n <= 4 && n % 1 == 0) ? 1: (n % 1 != 0 ) ? 2 : 3;' => 'nplurals=3; plural=n==1 ? 0 : (n>=2 && n<=4) ? 1 : 2;'
E: po/widelands/cs.po: codomain-error-in-plural-forms f(x) != 2
E: po/widelands/fa.po: unusual-plural-forms 'nplurals=2; plural=(n > 1);' => 'nplurals=1; plural=0;'
E: po/widelands/he.po: unusual-plural-forms 'nplurals=4; plural=(n == 1 && n % 1 == 0) ? 0 : (n == 2 && n % 1 == 0) ? 1: (n % 10 == 0 && n % 1 == 0 && n > 10) ? 2 : 3;' => 'nplurals=2; plural=n != 1;'
E: po/widelands/ka.po: unusual-plural-forms 'nplurals=2; plural=(n!=1);' => 'nplurals=1; plural=0;'
E: po/widelands/lt.po: unusual-plural-forms 'nplurals=4; plural=(n % 10 == 1 && (n % 100 > 19 || n % 100 < 11) ? 0 : (n % 10 >= 2 && n % 10 <=9) && (n % 100 > 19 || n % 100 < 11) ? 1 : n % 1 != 0 ? 2: 3);' => 'nplurals=3; plural=n%10==1 && n%100!=11 ? 0 : n%10>=2 && (n%100<10 || n%100>=20) ? 1 : 2;'
E: po/widelands/lt.po: codomain-error-in-plural-forms f(x) != 2
E: po/widelands/pl.po: unusual-plural-forms 'nplurals=4; plural=(n==1 ? 0 : (n%10>=2 && n%10<=4) && (n%100<12 || n%100>14) ? 1 : n!=1 && (n%10>=0 && n%10<=1) || (n%10>=5 && n%10<=9) || (n%100>=12 && n%100<=14) ? 2 : 3);' => 'nplurals=3; plural=n==1 ? 0 : n%10>=2 && n%10<=4 && (n%100<10 || n%100>=20) ? 1 : 2;'
E: po/widelands/pl.po: codomain-error-in-plural-forms f(x) != 3
E: po/widelands/ru.po: unusual-plural-forms 'nplurals=4; plural=(n%10==1 && n%100!=11 ? 0 : n%10>=2 && n%10<=4 && (n%100<12 || n%100>14) ? 1 : n%10==0 || (n%10>=5 && n%10<=9) || (n%100>=11 && n%100<=14)? 2 : 3);' => 'nplurals=3; plural=n%10==1 && n%100!=11 ? 0 : n%10>=2 && n%10<=4 && (n%100<10 || n%100>=20) ? 1 : 2;' or 'nplurals=4; plural=n==1 ? 3 : n%10==1 && n%100!=11 ? 0 : n%10>=2 && n%10<=4 && (n%100<10 || n%100>=20) ? 1 : 2;'
E: po/widelands/ru.po: codomain-error-in-plural-forms f(x) != 3
E: po/widelands/sk.po: codomain-error-in-plural-forms f(x) != 2
E: po/widelands/tr.po: unusual-plural-forms 'nplurals=2; plural=(n > 1);' => 'nplurals=1; plural=0;' or 'nplurals=2; plural=n != 1;'
E: po/widelands/uk.po: unusual-plural-forms 'nplurals=4; plural=(n % 1 == 0 && n % 10 == 1 && n % 100 != 11 ? 0 : n % 1 == 0 && n % 10 >= 2 && n % 10 <= 4 && (n % 100 < 12 || n % 100 > 14) ? 1 : n % 1 == 0 && (n % 10 ==0 || (n % 10 >=5 && n % 10 <=9) || (n % 100 >=11 && n % 100 <=14 )) ? 2: 3);' => 'nplurals=3; plural=n%10==1 && n%100!=11 ? 0 : n%10>=2 && n%10<=4 && (n%100<10 || n%100>=20) ? 1 : 2;' or 'nplurals=4; plural=n==1 ? 3 : n%10==1 && n%100!=11 ? 0 : n%10>=2 && n%10<=4 && (n%100<10 || n%100>=20) ? 1 : 2;'
E: po/widelands/uk.po: codomain-error-in-plural-forms f(x) != 3
E: po/win_conditions/br.po: unusual-plural-forms 'nplurals=5; plural=((n%10 == 1) && (n%100 != 11) && (n%100 !=71) && (n%100 !=91) ? 0 :(n%10 == 2) && (n%100 != 12) && (n%100 !=72) && (n%100 !=92) ? 1 :(n%10 ==3 || n%10==4 || n%10==9) && (n%100 < 10 || n% 100 > 19) && (n%100 < 70 || n%100 > 79) && (n%100 < 90 || n%100 > 99) ? 2 :(n != 0 && n % 1000000 == 0) ? 3 : 4);' => 'nplurals=2; plural=n > 1;'
E: po/win_conditions/cs.po: unusual-plural-forms 'nplurals=4; plural=(n == 1 && n % 1 == 0) ? 0 : (n >= 2 && n <= 4 && n % 1 == 0) ? 1: (n % 1 != 0 ) ? 2 : 3;' => 'nplurals=3; plural=n==1 ? 0 : (n>=2 && n<=4) ? 1 : 2;'
E: po/win_conditions/cs.po: codomain-error-in-plural-forms f(x) != 2
E: po/win_conditions/fa.po: unusual-plural-forms 'nplurals=2; plural=(n > 1);' => 'nplurals=1; plural=0;'
E: po/win_conditions/he.po: unusual-plural-forms 'nplurals=4; plural=(n == 1 && n % 1 == 0) ? 0 : (n == 2 && n % 1 == 0) ? 1: (n % 10 == 0 && n % 1 == 0 && n > 10) ? 2 : 3;' => 'nplurals=2; plural=n != 1;'
E: po/win_conditions/ka.po: unusual-plural-forms 'nplurals=2; plural=(n!=1);' => 'nplurals=1; plural=0;'
E: po/win_conditions/lt.po: unusual-plural-forms 'nplurals=4; plural=(n % 10 == 1 && (n % 100 > 19 || n % 100 < 11) ? 0 : (n % 10 >= 2 && n % 10 <=9) && (n % 100 > 19 || n % 100 < 11) ? 1 : n % 1 != 0 ? 2: 3);' => 'nplurals=3; plural=n%10==1 && n%100!=11 ? 0 : n%10>=2 && (n%100<10 || n%100>=20) ? 1 : 2;'
E: po/win_conditions/lt.po: codomain-error-in-plural-forms f(x) != 2
E: po/win_conditions/pl.po: unusual-plural-forms 'nplurals=4; plural=(n==1 ? 0 : (n%10>=2 && n%10<=4) && (n%100<12 || n%100>14) ? 1 : n!=1 && (n%10>=0 && n%10<=1) || (n%10>=5 && n%10<=9) || (n%100>=12 && n%100<=14) ? 2 : 3);' => 'nplurals=3; plural=n==1 ? 0 : n%10>=2 && n%10<=4 && (n%100<10 || n%100>=20) ? 1 : 2;'
E: po/win_conditions/pl.po: codomain-error-in-plural-forms f(x) != 3
E: po/win_conditions/ru.po: unusual-plural-forms 'nplurals=4; plural=(n%10==1 && n%100!=11 ? 0 : n%10>=2 && n%10<=4 && (n%100<12 || n%100>14) ? 1 : n%10==0 || (n%10>=5 && n%10<=9) || (n%100>=11 && n%100<=14)? 2 : 3);' => 'nplurals=3; plural=n%10==1 && n%100!=11 ? 0 : n%10>=2 && n%10<=4 && (n%100<10 || n%100>=20) ? 1 : 2;' or 'nplurals=4; plural=n==1 ? 3 : n%10==1 && n%100!=11 ? 0 : n%10>=2 && n%10<=4 && (n%100<10 || n%100>=20) ? 1 : 2;'
E: po/win_conditions/ru.po: codomain-error-in-plural-forms f(x) != 3
E: po/win_conditions/sk.po: codomain-error-in-plural-forms f(x) != 2
E: po/win_conditions/tr.po: unusual-plural-forms 'nplurals=2; plural=(n > 1);' => 'nplurals=1; plural=0;' or 'nplurals=2; plural=n != 1;'
E: po/win_conditions/uk.po: unusual-plural-forms 'nplurals=4; plural=(n % 1 == 0 && n % 10 == 1 && n % 100 != 11 ? 0 : n % 1 == 0 && n % 10 >= 2 && n % 10 <= 4 && (n % 100 < 12 || n % 100 > 14) ? 1 : n % 1 == 0 && (n % 10 ==0 || (n % 10 >=5 && n % 10 <=9) || (n % 100 >=11 && n % 100 <=14 )) ? 2: 3);' => 'nplurals=3; plural=n%10==1 && n%100!=11 ? 0 : n%10>=2 && n%10<=4 && (n%100<10 || n%100>=20) ? 1 : 2;' or 'nplurals=4; plural=n==1 ? 3 : n%10==1 && n%100!=11 ? 0 : n%10>=2 && n%10<=4 && (n%100<10 || n%100>=20) ? 1 : 2;'
E: po/win_conditions/uk.po: codomain-error-in-plural-forms f(x) != 3
