W: po/maps/pl.po: unusual-unused-plural-forms 'nplurals=4; plural=(n==1 ? 0 : (n%10>=2 && n%10<=4) && (n%100<12 || n%100>14) ? 1 : n!=1 && (n%10>=0 && n%10<=1) || (n%10>=5 && n%10<=9) || (n%100>=12 && n%100<=14) ? 2 : 3);' => 'nplurals=3; plural=n==1 ? 0 : n%10>=2 && n%10<=4 && (n%100<10 || n%100>=20) ? 1 : 2;'
W: po/maps/pl.po: codomain-error-in-unused-plural-forms f(x) != 3
W: po/maps/ru.po: unusual-unused-plural-forms 'nplurals=4; plural=(n%10==1 && n%100!=11 ? 0 : n%10>=2 && n%10<=4 && (n%100<12 || n%100>14) ? 1 : n%10==0 || (n%10>=5 && n%10<=9) || (n%100>=11 && n%100<=14)? 2 : 3);' => 'nplurals=3; plural=n%10==1 && n%100!=11 ? 0 : n%10>=2 && n%10<=4 && (n%100<10 || n%100>=20) ? 1 : 2;' or 'nplurals=4; plural=n==1 ? 3 : n%10==1 && n%100!=11 ? 0 : n%10>=2 && n%10<=4 && (n%100<10 || n%100>=20) ? 1 : 2;'
W: po/maps/ru.po: codomain-error-in-unused-plural-forms f(x) != 3
W: po/maps/tr.po: unusual-unused-plural-forms 'nplurals=2; plural=(n > 1);' => 'nplurals=1; plural=0;' or 'nplurals=2; plural=n != 1;'
W: po/map_the_green_plateau.wmf/pl.po: unusual-unused-plural-forms 'nplurals=4; plural=(n==1 ? 0 : (n%10>=2 && n%10<=4) && (n%100<12 || n%100>14) ? 1 : n!=1 && (n%10>=0 && n%10<=1) || (n%10>=5 && n%10<=9) || (n%100>=12 && n%100<=14) ? 2 : 3);' => 'nplurals=3; plural=n==1 ? 0 : n%10>=2 && n%10<=4 && (n%100<10 || n%100>=20) ? 1 : 2;'
W: po/map_the_green_plateau.wmf/pl.po: codomain-error-in-unused-plural-forms f(x) != 3
W: po/map_the_green_plateau.wmf/ru.po: unusual-unused-plural-forms 'nplurals=4; plural=(n%10==1 && n%100!=11 ? 0 : n%10>=2 && n%10<=4 && (n%100<12 || n%100>14) ? 1 : n%10==0 || (n%10>=5 && n%10<=9) || (n%100>=11 && n%100<=14)? 2 : 3);' => 'nplurals=3; plural=n%10==1 && n%100!=11 ? 0 : n%10>=2 && n%10<=4 && (n%100<10 || n%100>=20) ? 1 : 2;' or 'nplurals=4; plural=n==1 ? 3 : n%10==1 && n%100!=11 ? 0 : n%10>=2 && n%10<=4 && (n%100<10 || n%100>=20) ? 1 : 2;'
W: po/map_the_green_plateau.wmf/ru.po: codomain-error-in-unused-plural-forms f(x) != 3
W: po/map_the_green_plateau.wmf/tr.po: unusual-unused-plural-forms 'nplurals=2; plural=(n > 1);' => 'nplurals=1; plural=0;' or 'nplurals=2; plural=n != 1;'
W: po/mp_scenario_island_hopping.wmf/pl.po: unusual-unused-plural-forms 'nplurals=4; plural=(n==1 ? 0 : (n%10>=2 && n%10<=4) && (n%100<12 || n%100>14) ? 1 : n!=1 && (n%10>=0 && n%10<=1) || (n%10>=5 && n%10<=9) || (n%100>=12 && n%100<=14) ? 2 : 3);' => 'nplurals=3; plural=n==1 ? 0 : n%10>=2 && n%10<=4 && (n%100<10 || n%100>=20) ? 1 : 2;'
W: po/mp_scenario_island_hopping.wmf/pl.po: codomain-error-in-unused-plural-forms f(x) != 3
W: po/mp_scenario_island_hopping.wmf/ru.po: unusual-unused-plural-forms 'nplurals=4; plural=(n%10==1 && n%100!=11 ? 0 : n%10>=2 && n%10<=4 && (n%100<12 || n%100>14) ? 1 : n%10==0 || (n%10>=5 && n%10<=9) || (n%100>=11 && n%100<=14)? 2 : 3);' => 'nplurals=3; plural=n%10==1 && n%100!=11 ? 0 : n%10>=2 && n%10<=4 && (n%100<10 || n%100>=20) ? 1 : 2;' or 'nplurals=4; plural=n==1 ? 3 : n%10==1 && n%100!=11 ? 0 : n%10>=2 && n%10<=4 && (n%100<10 || n%100>=20) ? 1 : 2;'
W: po/mp_scenario_island_hopping.wmf/ru.po: codomain-error-in-unused-plural-forms f(x) != 3
W: po/mp_scenario_island_hopping.wmf/tr.po: unusual-unused-plural-forms 'nplurals=2; plural=(n > 1);' => 'nplurals=1; plural=0;' or 'nplurals=2; plural=n != 1;'
W: po/scenario_emp03.wmf/ast.po: no-last-translator-header-field
W: po/scenario_emp03.wmf/br.po: no-last-translator-header-field
W: po/scenario_emp03.wmf/en_CA.po: no-last-translator-header-field
W: po/scenario_emp03.wmf/en_US.po: no-last-translator-header-field
W: po/scenario_emp03.wmf/eo.po: no-last-translator-header-field
W: po/scenario_emp03.wmf/et.po: no-last-translator-header-field
W: po/scenario_emp03.wmf/eu.po: no-last-translator-header-field
W: po/scenario_emp03.wmf/fa.po: no-last-translator-header-field
W: po/scenario_emp03.wmf/fy.po: no-last-translator-header-field
W: po/scenario_emp03.wmf/ga.po: no-last-translator-header-field
W: po/scenario_emp03.wmf/gl.po: no-last-translator-header-field
W: po/scenario_emp03.wmf/he.po: no-last-translator-header-field
W: po/scenario_emp03.wmf/hi.po: no-last-translator-header-field
W: po/scenario_emp03.wmf/hr.po: no-last-translator-header-field
W: po/scenario_emp03.wmf/hu.po: no-last-translator-header-field
W: po/scenario_emp03.wmf/ia.po: no-last-translator-header-field
W: po/scenario_emp03.wmf/id.po: no-last-translator-header-field
W: po/scenario_emp03.wmf/ig.po: no-last-translator-header-field
W: po/scenario_emp03.wmf/jv.po: no-last-translator-header-field
W: po/scenario_emp03.wmf/ka.po: no-last-translator-header-field
W: po/scenario_emp03.wmf/ko.po: no-last-translator-header-field
W: po/scenario_emp03.wmf/krl.po: no-last-translator-header-field
W: po/scenario_emp03.wmf/la.po: no-last-translator-header-field
W: po/scenario_emp03.wmf/lt.po: no-last-translator-header-field
W: po/scenario_emp03.wmf/mr.po: no-last-translator-header-field
W: po/scenario_emp03.wmf/ms.po: no-last-translator-header-field
W: po/scenario_emp03.wmf/my.po: no-last-translator-header-field
W: po/scenario_emp03.wmf/nb.po: no-last-translator-header-field
W: po/scenario_emp03.wmf/nl.po: no-last-translator-header-field
W: po/scenario_emp03.wmf/nn.po: no-last-translator-header-field
W: po/scenario_emp03.wmf/oc.po: no-last-translator-header-field
W: po/scenario_emp03.wmf/ro.po: no-last-translator-header-field
W: po/scenario_emp03.wmf/rw.po: no-last-translator-header-field
W: po/scenario_emp03.wmf/si.po: no-last-translator-header-field
W: po/scenario_emp03.wmf/sk.po: no-last-translator-header-field
W: po/scenario_emp03.wmf/sl.po: no-last-translator-header-field
W: po/scenario_emp03.wmf/sr.po: no-last-translator-header-field
W: po/scenario_emp03.wmf/tr.po: no-last-translator-header-field
W: po/scenario_emp03.wmf/uk.po: no-last-translator-header-field
W: po/scenario_emp03.wmf/vi.po: no-last-translator-header-field
W: po/scenario_emp03.wmf/zh_CN.po: no-last-translator-header-field
W: po/scenario_emp03.wmf/zh_TW.po: no-last-translator-header-field
W: po/scenario_emp04.wmf/ar.po: no-last-translator-header-field
W: po/scenario_emp04.wmf/ast.po: no-last-translator-header-field
W: po/scenario_emp04.wmf/br.po: no-last-translator-header-field
W: po/scenario_emp04.wmf/da.po: no-last-translator-header-field
W: po/scenario_emp04.wmf/en_CA.po: no-last-translator-header-field
W: po/scenario_emp04.wmf/en_US.po: no-last-translator-header-field
W: po/scenario_emp04.wmf/eo.po: no-last-translator-header-field
W: po/scenario_emp04.wmf/es.po: no-last-translator-header-field
W: po/scenario_emp04.wmf/et.po: no-last-translator-header-field
W: po/scenario_emp04.wmf/eu.po: no-last-translator-header-field
W: po/scenario_emp04.wmf/fa.po: no-last-translator-header-field
W: po/scenario_emp04.wmf/fy.po: no-last-translator-header-field
W: po/scenario_emp04.wmf/ga.po: no-last-translator-header-field
W: po/scenario_emp04.wmf/gl.po: no-last-translator-header-field
W: po/scenario_emp04.wmf/he.po: no-last-translator-header-field
W: po/scenario_emp04.wmf/hi.po: no-last-translator-header-field
W: po/scenario_emp04.wmf/hr.po: no-last-translator-header-field
W: po/scenario_emp04.wmf/hu.po: no-last-translator-header-field
W: po/scenario_emp04.wmf/ia.po: no-last-translator-header-field
W: po/scenario_emp04.wmf/id.po: no-last-translator-header-field
W: po/scenario_emp04.wmf/ig.po: no-last-translator-header-field
W: po/scenario_emp04.wmf/jv.po: no-last-translator-header-field
W: po/scenario_emp04.wmf/ka.po: no-last-translator-header-field
W: po/scenario_emp04.wmf/ko.po: no-last-translator-header-field
W: po/scenario_emp04.wmf/krl.po: no-last-translator-header-field
W: po/scenario_emp04.wmf/la.po: no-last-translator-header-field
W: po/scenario_emp04.wmf/lt.po: no-last-translator-header-field
W: po/scenario_emp04.wmf/mr.po: no-last-translator-header-field
W: po/scenario_emp04.wmf/ms.po: no-last-translator-header-field
W: po/scenario_emp04.wmf/my.po: no-last-translator-header-field
W: po/scenario_emp04.wmf/nb.po: no-last-translator-header-field
W: po/scenario_emp04.wmf/nn.po: no-last-translator-header-field
W: po/scenario_emp04.wmf/oc.po: no-last-translator-header-field
W: po/scenario_emp04.wmf/ro.po: no-last-translator-header-field
W: po/scenario_emp04.wmf/rw.po: no-last-translator-header-field
W: po/scenario_emp04.wmf/si.po: no-last-translator-header-field
W: po/scenario_emp04.wmf/sk.po: no-last-translator-header-field
W: po/scenario_emp04.wmf/sl.po: no-last-translator-header-field
W: po/scenario_emp04.wmf/sr.po: no-last-translator-header-field
W: po/scenario_emp04.wmf/tr.po: no-last-translator-header-field
W: po/scenario_emp04.wmf/uk.po: no-last-translator-header-field
W: po/scenario_emp04.wmf/vi.po: no-last-translator-header-field
W: po/scenario_emp04.wmf/zh_CN.po: no-last-translator-header-field
W: po/scenario_emp04.wmf/zh_TW.po: no-last-translator-header-field
W: po/scenario_fri01.wmf/ar.po: no-last-translator-header-field
W: po/scenario_fri01.wmf/ast.po: no-last-translator-header-field
W: po/scenario_fri01.wmf/bg.po: no-last-translator-header-field
W: po/scenario_fri01.wmf/br.po: no-last-translator-header-field
W: po/scenario_fri01.wmf/cs.po: no-last-translator-header-field
W: po/scenario_fri01.wmf/da.po: no-last-translator-header-field
W: po/scenario_fri01.wmf/en_CA.po: no-last-translator-header-field
W: po/scenario_fri01.wmf/en_US.po: no-last-translator-header-field
W: po/scenario_fri01.wmf/eo.po: no-last-translator-header-field
W: po/scenario_fri01.wmf/es.po: no-last-translator-header-field
W: po/scenario_fri01.wmf/et.po: no-last-translator-header-field
W: po/scenario_fri01.wmf/eu.po: no-last-translator-header-field
W: po/scenario_fri01.wmf/fa.po: no-last-translator-header-field
W: po/scenario_fri01.wmf/fy.po: no-last-translator-header-field
W: po/scenario_fri01.wmf/ga.po: no-last-translator-header-field
W: po/scenario_fri01.wmf/gl.po: no-last-translator-header-field
W: po/scenario_fri01.wmf/he.po: no-last-translator-header-field
W: po/scenario_fri01.wmf/hi.po: no-last-translator-header-field
W: po/scenario_fri01.wmf/hr.po: no-last-translator-header-field
W: po/scenario_fri01.wmf/ia.po: no-last-translator-header-field
W: po/scenario_fri01.wmf/id.po: no-last-translator-header-field
W: po/scenario_fri01.wmf/ig.po: no-last-translator-header-field
W: po/scenario_fri01.wmf/jv.po: no-last-translator-header-field
W: po/scenario_fri01.wmf/ka.po: no-last-translator-header-field
W: po/scenario_fri01.wmf/krl.po: no-last-translator-header-field
W: po/scenario_fri01.wmf/la.po: no-last-translator-header-field
W: po/scenario_fri01.wmf/lt.po: no-last-translator-header-field
W: po/scenario_fri01.wmf/mr.po: no-last-translator-header-field
W: po/scenario_fri01.wmf/ms.po: no-last-translator-header-field
W: po/scenario_fri01.wmf/my.po: no-last-translator-header-field
W: po/scenario_fri01.wmf/nb.po: no-last-translator-header-field
W: po/scenario_fri01.wmf/nl.po: no-last-translator-header-field
W: po/scenario_fri01.wmf/nn.po: no-last-translator-header-field
W: po/scenario_fri01.wmf/oc.po: no-last-translator-header-field
W: po/scenario_fri01.wmf/pl.po: no-last-translator-header-field
W: po/scenario_fri01.wmf/ro.po: no-last-translator-header-field
W: po/scenario_fri01.wmf/rw.po: no-last-translator-header-field
W: po/scenario_fri01.wmf/si.po: no-last-translator-header-field
W: po/scenario_fri01.wmf/sk.po: no-last-translator-header-field
W: po/scenario_fri01.wmf/sl.po: no-last-translator-header-field
W: po/scenario_fri01.wmf/sr.po: no-last-translator-header-field
W: po/scenario_fri01.wmf/sv.po: no-last-translator-header-field
W: po/scenario_fri01.wmf/tr.po: no-last-translator-header-field
W: po/scenario_fri01.wmf/uk.po: no-last-translator-header-field
W: po/scenario_fri01.wmf/vi.po: no-last-translator-header-field
W: po/scenario_fri01.wmf/zh_CN.po: no-last-translator-header-field
W: po/scenario_fri01.wmf/zh_TW.po: no-last-translator-header-field
W: po/scenario_fri02.wmf/ar.po: no-last-translator-header-field
W: po/scenario_fri02.wmf/ast.po: no-last-translator-header-field
W: po/scenario_fri02.wmf/bg.po: no-last-translator-header-field
W: po/scenario_fri02.wmf/br.po: no-last-translator-header-field
W: po/scenario_fri02.wmf/cs.po: no-last-translator-header-field
W: po/scenario_fri02.wmf/da.po: no-last-translator-header-field
W: po/scenario_fri02.wmf/en_CA.po: no-last-translator-header-field
W: po/scenario_fri02.wmf/en_US.po: no-last-translator-header-field
W: po/scenario_fri02.wmf/eo.po: no-last-translator-header-field
W: po/scenario_fri02.wmf/es.po: no-last-translator-header-field
W: po/scenario_fri02.wmf/et.po: no-last-translator-header-field
W: po/scenario_fri02.wmf/eu.po: no-last-translator-header-field
W: po/scenario_fri02.wmf/fa.po: no-last-translator-header-field
W: po/scenario_fri02.wmf/fy.po: no-last-translator-header-field
W: po/scenario_fri02.wmf/ga.po: no-last-translator-header-field
W: po/scenario_fri02.wmf/gd.po: no-last-translator-header-field
W: po/scenario_fri02.wmf/gl.po: no-last-translator-header-field
W: po/scenario_fri02.wmf/he.po: no-last-translator-header-field
W: po/scenario_fri02.wmf/hi.po: no-last-translator-header-field
W: po/scenario_fri02.wmf/hr.po: no-last-translator-header-field
W: po/scenario_fri02.wmf/ia.po: no-last-translator-header-field
W: po/scenario_fri02.wmf/id.po: no-last-translator-header-field
W: po/scenario_fri02.wmf/ig.po: no-last-translator-header-field
W: po/scenario_fri02.wmf/jv.po: no-last-translator-header-field
W: po/scenario_fri02.wmf/ka.po: no-last-translator-header-field
W: po/scenario_fri02.wmf/ko.po: no-last-translator-header-field
W: po/scenario_fri02.wmf/krl.po: no-last-translator-header-field
W: po/scenario_fri02.wmf/la.po: no-last-translator-header-field
W: po/scenario_fri02.wmf/lt.po: no-last-translator-header-field
W: po/scenario_fri02.wmf/mr.po: no-last-translator-header-field
W: po/scenario_fri02.wmf/ms.po: no-last-translator-header-field
W: po/scenario_fri02.wmf/my.po: no-last-translator-header-field
W: po/scenario_fri02.wmf/nb.po: no-last-translator-header-field
W: po/scenario_fri02.wmf/nl.po: no-last-translator-header-field
W: po/scenario_fri02.wmf/nn.po: no-last-translator-header-field
W: po/scenario_fri02.wmf/oc.po: no-last-translator-header-field
W: po/scenario_fri02.wmf/pl.po: no-last-translator-header-field
W: po/scenario_fri02.wmf/ro.po: no-last-translator-header-field
W: po/scenario_fri02.wmf/ru.po: no-last-translator-header-field
W: po/scenario_fri02.wmf/rw.po: no-last-translator-header-field
W: po/scenario_fri02.wmf/si.po: no-last-translator-header-field
W: po/scenario_fri02.wmf/sk.po: no-last-translator-header-field
W: po/scenario_fri02.wmf/sl.po: no-last-translator-header-field
W: po/scenario_fri02.wmf/sr.po: no-last-translator-header-field
W: po/scenario_fri02.wmf/sv.po: no-last-translator-header-field
W: po/scenario_fri02.wmf/tr.po: no-last-translator-header-field
W: po/scenario_fri02.wmf/uk.po: no-last-translator-header-field
W: po/scenario_fri02.wmf/vi.po: no-last-translator-header-field
W: po/scenario_fri02.wmf/zh_CN.po: no-last-translator-header-field
W: po/scenario_fri02.wmf/zh_TW.po: no-last-translator-header-field
W: po/texts/pl.po: unusual-unused-plural-forms 'nplurals=4; plural=(n==1 ? 0 : (n%10>=2 && n%10<=4) && (n%100<12 || n%100>14) ? 1 : n!=1 && (n%10>=0 && n%10<=1) || (n%10>=5 && n%10<=9) || (n%100>=12 && n%100<=14) ? 2 : 3);' => 'nplurals=3; plural=n==1 ? 0 : n%10>=2 && n%10<=4 && (n%100<10 || n%100>=20) ? 1 : 2;'
W: po/texts/pl.po: codomain-error-in-unused-plural-forms f(x) != 3
W: po/texts/ru.po: unusual-unused-plural-forms 'nplurals=4; plural=(n%10==1 && n%100!=11 ? 0 : n%10>=2 && n%10<=4 && (n%100<12 || n%100>14) ? 1 : n%10==0 || (n%10>=5 && n%10<=9) || (n%100>=11 && n%100<=14)? 2 : 3);' => 'nplurals=3; plural=n%10==1 && n%100!=11 ? 0 : n%10>=2 && n%10<=4 && (n%100<10 || n%100>=20) ? 1 : 2;' or 'nplurals=4; plural=n==1 ? 3 : n%10==1 && n%100!=11 ? 0 : n%10>=2 && n%10<=4 && (n%100<10 || n%100>=20) ? 1 : 2;'
W: po/texts/ru.po: codomain-error-in-unused-plural-forms f(x) != 3
W: po/texts/tr.po: unusual-unused-plural-forms 'nplurals=2; plural=(n > 1);' => 'nplurals=1; plural=0;' or 'nplurals=2; plural=n != 1;'
W: po/tribes/br.po: unusual-unused-plural-forms 'nplurals=5; plural=((n%10 == 1) && (n%100 != 11) && (n%100 !=71) && (n%100 !=91) ? 0 :(n%10 == 2) && (n%100 != 12) && (n%100 !=72) && (n%100 !=92) ? 1 :(n%10 ==3 || n%10==4 || n%10==9) && (n%100 < 10 || n% 100 > 19) && (n%100 < 70 || n%100 > 79) && (n%100 < 90 || n%100 > 99) ? 2 :(n != 0 && n % 1000000 == 0) ? 3 : 4);' => 'nplurals=2; plural=n > 1;'
W: po/tribes/cs.po: unusual-unused-plural-forms 'nplurals=4; plural=(n == 1 && n % 1 == 0) ? 0 : (n >= 2 && n <= 4 && n % 1 == 0) ? 1: (n % 1 != 0 ) ? 2 : 3;' => 'nplurals=3; plural=n==1 ? 0 : (n>=2 && n<=4) ? 1 : 2;'
W: po/tribes/cs.po: codomain-error-in-unused-plural-forms f(x) != 2
W: po/tribes/fa.po: unusual-unused-plural-forms 'nplurals=2; plural=(n > 1);' => 'nplurals=1; plural=0;'
W: po/tribes/he.po: unusual-unused-plural-forms 'nplurals=4; plural=(n == 1 && n % 1 == 0) ? 0 : (n == 2 && n % 1 == 0) ? 1: (n % 10 == 0 && n % 1 == 0 && n > 10) ? 2 : 3;' => 'nplurals=2; plural=n != 1;'
W: po/tribes/ka.po: unusual-unused-plural-forms 'nplurals=2; plural=(n!=1);' => 'nplurals=1; plural=0;'
W: po/tribes/lt.po: unusual-unused-plural-forms 'nplurals=4; plural=(n % 10 == 1 && (n % 100 > 19 || n % 100 < 11) ? 0 : (n % 10 >= 2 && n % 10 <=9) && (n % 100 > 19 || n % 100 < 11) ? 1 : n % 1 != 0 ? 2: 3);' => 'nplurals=3; plural=n%10==1 && n%100!=11 ? 0 : n%10>=2 && (n%100<10 || n%100>=20) ? 1 : 2;'
W: po/tribes/lt.po: codomain-error-in-unused-plural-forms f(x) != 2
W: po/tribes/pl.po: unusual-unused-plural-forms 'nplurals=4; plural=(n==1 ? 0 : (n%10>=2 && n%10<=4) && (n%100<12 || n%100>14) ? 1 : n!=1 && (n%10>=0 && n%10<=1) || (n%10>=5 && n%10<=9) || (n%100>=12 && n%100<=14) ? 2 : 3);' => 'nplurals=3; plural=n==1 ? 0 : n%10>=2 && n%10<=4 && (n%100<10 || n%100>=20) ? 1 : 2;'
W: po/tribes/pl.po: codomain-error-in-unused-plural-forms f(x) != 3
W: po/tribes/ru.po: unusual-unused-plural-forms 'nplurals=4; plural=(n%10==1 && n%100!=11 ? 0 : n%10>=2 && n%10<=4 && (n%100<12 || n%100>14) ? 1 : n%10==0 || (n%10>=5 && n%10<=9) || (n%100>=11 && n%100<=14)? 2 : 3);' => 'nplurals=3; plural=n%10==1 && n%100!=11 ? 0 : n%10>=2 && n%10<=4 && (n%100<10 || n%100>=20) ? 1 : 2;' or 'nplurals=4; plural=n==1 ? 3 : n%10==1 && n%100!=11 ? 0 : n%10>=2 && n%10<=4 && (n%100<10 || n%100>=20) ? 1 : 2;'
W: po/tribes/ru.po: codomain-error-in-unused-plural-forms f(x) != 3
W: po/tribes/sk.po: codomain-error-in-unused-plural-forms f(x) != 2
W: po/tribes/tr.po: unusual-unused-plural-forms 'nplurals=2; plural=(n > 1);' => 'nplurals=1; plural=0;' or 'nplurals=2; plural=n != 1;'
W: po/tribes/uk.po: unusual-unused-plural-forms 'nplurals=4; plural=(n % 1 == 0 && n % 10 == 1 && n % 100 != 11 ? 0 : n % 1 == 0 && n % 10 >= 2 && n % 10 <= 4 && (n % 100 < 12 || n % 100 > 14) ? 1 : n % 1 == 0 && (n % 10 ==0 || (n % 10 >=5 && n % 10 <=9) || (n % 100 >=11 && n % 100 <=14 )) ? 2: 3);' => 'nplurals=3; plural=n%10==1 && n%100!=11 ? 0 : n%10>=2 && n%10<=4 && (n%100<10 || n%100>=20) ? 1 : 2;' or 'nplurals=4; plural=n==1 ? 3 : n%10==1 && n%100!=11 ? 0 : n%10>=2 && n%10<=4 && (n%100<10 || n%100>=20) ? 1 : 2;'
W: po/tribes/uk.po: codomain-error-in-unused-plural-forms f(x) != 3
W: po/widelands_console/pl.po: unusual-unused-plural-forms 'nplurals=4; plural=(n==1 ? 0 : (n%10>=2 && n%10<=4) && (n%100<12 || n%100>14) ? 1 : n!=1 && (n%10>=0 && n%10<=1) || (n%10>=5 && n%10<=9) || (n%100>=12 && n%100<=14) ? 2 : 3);' => 'nplurals=3; plural=n==1 ? 0 : n%10>=2 && n%10<=4 && (n%100<10 || n%100>=20) ? 1 : 2;'
W: po/widelands_console/pl.po: codomain-error-in-unused-plural-forms f(x) != 3
W: po/widelands_console/ru.po: unusual-unused-plural-forms 'nplurals=4; plural=(n%10==1 && n%100!=11 ? 0 : n%10>=2 && n%10<=4 && (n%100<12 || n%100>14) ? 1 : n%10==0 || (n%10>=5 && n%10<=9) || (n%100>=11 && n%100<=14)? 2 : 3);' => 'nplurals=3; plural=n%10==1 && n%100!=11 ? 0 : n%10>=2 && n%10<=4 && (n%100<10 || n%100>=20) ? 1 : 2;' or 'nplurals=4; plural=n==1 ? 3 : n%10==1 && n%100!=11 ? 0 : n%10>=2 && n%10<=4 && (n%100<10 || n%100>=20) ? 1 : 2;'
W: po/widelands_console/ru.po: codomain-error-in-unused-plural-forms f(x) != 3
W: po/widelands_console/tr.po: unusual-unused-plural-forms 'nplurals=2; plural=(n > 1);' => 'nplurals=1; plural=0;' or 'nplurals=2; plural=n != 1;'
W: po/world/pl.po: unusual-unused-plural-forms 'nplurals=4; plural=(n==1 ? 0 : (n%10>=2 && n%10<=4) && (n%100<12 || n%100>14) ? 1 : n!=1 && (n%10>=0 && n%10<=1) || (n%10>=5 && n%10<=9) || (n%100>=12 && n%100<=14) ? 2 : 3);' => 'nplurals=3; plural=n==1 ? 0 : n%10>=2 && n%10<=4 && (n%100<10 || n%100>=20) ? 1 : 2;'
W: po/world/pl.po: codomain-error-in-unused-plural-forms f(x) != 3
W: po/world/ru.po: unusual-unused-plural-forms 'nplurals=4; plural=(n%10==1 && n%100!=11 ? 0 : n%10>=2 && n%10<=4 && (n%100<12 || n%100>14) ? 1 : n%10==0 || (n%10>=5 && n%10<=9) || (n%100>=11 && n%100<=14)? 2 : 3);' => 'nplurals=3; plural=n%10==1 && n%100!=11 ? 0 : n%10>=2 && n%10<=4 && (n%100<10 || n%100>=20) ? 1 : 2;' or 'nplurals=4; plural=n==1 ? 3 : n%10==1 && n%100!=11 ? 0 : n%10>=2 && n%10<=4 && (n%100<10 || n%100>=20) ? 1 : 2;'
W: po/world/ru.po: codomain-error-in-unused-plural-forms f(x) != 3
W: po/world/tr.po: unusual-unused-plural-forms 'nplurals=2; plural=(n > 1);' => 'nplurals=1; plural=0;' or 'nplurals=2; plural=n != 1;'
